<?xml version="1.0" encoding="UTF-8"?>
<!-- Generated by org.testng.reporters.JUnitXMLReporter -->
<testsuite hostname="vicky-PC" ignored="0" name="Free CRM App Test Cases" tests="6" failures="0" timestamp="04 May 2018 05:12:39 GMT" time="116.944" errors="0">
  <testcase name="crmPageTittleTest" time="0.054" classname="com.crm.qa.testcases.LoginPageTest"/>
  <testcase name="verifyHomepageTittleTest" time="0.017" classname="com.crm.qa.testcases.HomePageTest"/>
  <testcase name="crmLogoTest" time="0.146" classname="com.crm.qa.testcases.LoginPageTest"/>
  <testcase name="verifyUserTest" time="0.917" classname="com.crm.qa.testcases.HomePageTest"/>
  <testcase name="crmURLTest" time="0.032" classname="com.crm.qa.testcases.LoginPageTest"/>
  <testcase name="loginTest" time="11.036" classname="com.crm.qa.testcases.LoginPageTest"/>
</testsuite> <!-- Free CRM App Test Cases -->
