<?xml version="1.0" encoding="UTF-8"?>
<!-- Generated by org.testng.reporters.JUnitXMLReporter -->
<testsuite hostname="vicky-PC" ignored="0" name="Default test" tests="3" failures="0" timestamp="04 May 2018 16:32:39 GMT" time="191.774" errors="0">
  <testcase name="addContactTest" time="6.989" classname="com.crm.qa.testcases.TaskPageTest"/>
  <testcase name="addContactTest" time="7.683" classname="com.crm.qa.testcases.TaskPageTest"/>
  <testcase name="addContactTest" time="4.148" classname="com.crm.qa.testcases.TaskPageTest"/>
</testsuite> <!-- Default test -->
